CRITICAL - 2020-07-23 09:51:15 --> Call to a member function getName() on null
#0 C:\xampp\htdocs\crud-ci4\vendor\codeigniter4\framework\system\CodeIgniter.php(918): App\Controllers\Mahasiswa->prosesupdate('180121001')
#1 C:\xampp\htdocs\crud-ci4\vendor\codeigniter4\framework\system\CodeIgniter.php(404): CodeIgniter\CodeIgniter->runController(Object(App\Controllers\Mahasiswa))
#2 C:\xampp\htdocs\crud-ci4\vendor\codeigniter4\framework\system\CodeIgniter.php(312): CodeIgniter\CodeIgniter->handleRequest(NULL, Object(Config\Cache), false)
#3 C:\xampp\htdocs\crud-ci4\public\index.php(45): CodeIgniter\CodeIgniter->run()
#4 C:\xampp\htdocs\crud-ci4\vendor\codeigniter4\framework\system\Commands\Server\rewrite.php(34): require_once('C:\\xampp\\htdocs...')
#5 {main}
CRITICAL - 2020-07-23 09:52:03 --> Call to a member function getName() on null
#0 C:\xampp\htdocs\crud-ci4\vendor\codeigniter4\framework\system\CodeIgniter.php(918): App\Controllers\Mahasiswa->prosesupdate('180121001')
#1 C:\xampp\htdocs\crud-ci4\vendor\codeigniter4\framework\system\CodeIgniter.php(404): CodeIgniter\CodeIgniter->runController(Object(App\Controllers\Mahasiswa))
#2 C:\xampp\htdocs\crud-ci4\vendor\codeigniter4\framework\system\CodeIgniter.php(312): CodeIgniter\CodeIgniter->handleRequest(NULL, Object(Config\Cache), false)
#3 C:\xampp\htdocs\crud-ci4\public\index.php(45): CodeIgniter\CodeIgniter->run()
#4 C:\xampp\htdocs\crud-ci4\vendor\codeigniter4\framework\system\Commands\Server\rewrite.php(34): require_once('C:\\xampp\\htdocs...')
#5 {main}
CRITICAL - 2020-07-23 09:54:29 --> Call to undefined method CodeIgniter\Validation\Validation::has()
#0 C:\xampp\htdocs\crud-ci4\vendor\codeigniter4\framework\system\View\View.php(246): include()
#1 C:\xampp\htdocs\crud-ci4\vendor\codeigniter4\framework\system\Common.php(1119): CodeIgniter\View\View->render('mhs/u_mhs', Array, true)
#2 C:\xampp\htdocs\crud-ci4\app\Controllers\Mahasiswa.php(125): view('mhs/u_mhs', Array)
#3 C:\xampp\htdocs\crud-ci4\vendor\codeigniter4\framework\system\CodeIgniter.php(918): App\Controllers\Mahasiswa->update('ricky-martin-gi...')
#4 C:\xampp\htdocs\crud-ci4\vendor\codeigniter4\framework\system\CodeIgniter.php(404): CodeIgniter\CodeIgniter->runController(Object(App\Controllers\Mahasiswa))
#5 C:\xampp\htdocs\crud-ci4\vendor\codeigniter4\framework\system\CodeIgniter.php(312): CodeIgniter\CodeIgniter->handleRequest(NULL, Object(Config\Cache), false)
#6 C:\xampp\htdocs\crud-ci4\public\index.php(45): CodeIgniter\CodeIgniter->run()
#7 C:\xampp\htdocs\crud-ci4\vendor\codeigniter4\framework\system\Commands\Server\rewrite.php(34): require_once('C:\\xampp\\htdocs...')
#8 {main}
CRITICAL - 2020-07-23 10:04:08 --> Use of undefined constant photo_mhs - assumed 'photo_mhs' (this will throw an Error in a future version of PHP)
#0 C:\xampp\htdocs\crud-ci4\app\Controllers\Mahasiswa.php(178): CodeIgniter\Debug\Exceptions->errorHandler(2, 'Use of undefine...', 'C:\\xampp\\htdocs...', 178, Array)
#1 C:\xampp\htdocs\crud-ci4\vendor\codeigniter4\framework\system\CodeIgniter.php(918): App\Controllers\Mahasiswa->prosesupdate('180121001')
#2 C:\xampp\htdocs\crud-ci4\vendor\codeigniter4\framework\system\CodeIgniter.php(404): CodeIgniter\CodeIgniter->runController(Object(App\Controllers\Mahasiswa))
#3 C:\xampp\htdocs\crud-ci4\vendor\codeigniter4\framework\system\CodeIgniter.php(312): CodeIgniter\CodeIgniter->handleRequest(NULL, Object(Config\Cache), false)
#4 C:\xampp\htdocs\crud-ci4\public\index.php(45): CodeIgniter\CodeIgniter->run()
#5 C:\xampp\htdocs\crud-ci4\vendor\codeigniter4\framework\system\Commands\Server\rewrite.php(34): require_once('C:\\xampp\\htdocs...')
#6 {main}
CRITICAL - 2020-07-23 10:04:43 --> finfo_file(): Empty filename or path
#0 [internal function]: CodeIgniter\Debug\Exceptions->errorHandler(2, 'finfo_file(): E...', 'C:\\xampp\\htdocs...', 153, Array)
#1 C:\xampp\htdocs\crud-ci4\vendor\codeigniter4\framework\system\Files\File.php(153): finfo_file(Resource id #135, '')
#2 C:\xampp\htdocs\crud-ci4\vendor\codeigniter4\framework\system\Validation\FileRules.php(251): CodeIgniter\Files\File->getMimeType()
#3 C:\xampp\htdocs\crud-ci4\vendor\codeigniter4\framework\system\Validation\Validation.php(325): CodeIgniter\Validation\FileRules->mime_in(NULL, Array, Array, NULL)
#4 C:\xampp\htdocs\crud-ci4\vendor\codeigniter4\framework\system\Validation\Validation.php(189): CodeIgniter\Validation\Validation->processRules('photo_mhs', 'photo_mhs', NULL, Array, Array)
#5 C:\xampp\htdocs\crud-ci4\vendor\codeigniter4\framework\system\Controller.php(219): CodeIgniter\Validation\Validation->run()
#6 C:\xampp\htdocs\crud-ci4\app\Controllers\Mahasiswa.php(153): CodeIgniter\Controller->validate(Array)
#7 C:\xampp\htdocs\crud-ci4\vendor\codeigniter4\framework\system\CodeIgniter.php(918): App\Controllers\Mahasiswa->prosesupdate('180121001')
#8 C:\xampp\htdocs\crud-ci4\vendor\codeigniter4\framework\system\CodeIgniter.php(404): CodeIgniter\CodeIgniter->runController(Object(App\Controllers\Mahasiswa))
#9 C:\xampp\htdocs\crud-ci4\vendor\codeigniter4\framework\system\CodeIgniter.php(312): CodeIgniter\CodeIgniter->handleRequest(NULL, Object(Config\Cache), false)
#10 C:\xampp\htdocs\crud-ci4\public\index.php(45): CodeIgniter\CodeIgniter->run()
#11 C:\xampp\htdocs\crud-ci4\vendor\codeigniter4\framework\system\Commands\Server\rewrite.php(34): require_once('C:\\xampp\\htdocs...')
#12 {main}
CRITICAL - 2020-07-23 10:05:40 --> unlink(img/mhs/1595514458_047c3b9bfdb64a5192e8.jpg): No such file or directory
#0 [internal function]: CodeIgniter\Debug\Exceptions->errorHandler(2, 'unlink(img/mhs/...', 'C:\\xampp\\htdocs...', 143, Array)
#1 C:\xampp\htdocs\crud-ci4\app\Controllers\Mahasiswa.php(143): unlink('img/mhs/1595514...')
#2 C:\xampp\htdocs\crud-ci4\vendor\codeigniter4\framework\system\CodeIgniter.php(918): App\Controllers\Mahasiswa->prosesupdate('180121001')
#3 C:\xampp\htdocs\crud-ci4\vendor\codeigniter4\framework\system\CodeIgniter.php(404): CodeIgniter\CodeIgniter->runController(Object(App\Controllers\Mahasiswa))
#4 C:\xampp\htdocs\crud-ci4\vendor\codeigniter4\framework\system\CodeIgniter.php(312): CodeIgniter\CodeIgniter->handleRequest(NULL, Object(Config\Cache), false)
#5 C:\xampp\htdocs\crud-ci4\public\index.php(45): CodeIgniter\CodeIgniter->run()
#6 C:\xampp\htdocs\crud-ci4\vendor\codeigniter4\framework\system\Commands\Server\rewrite.php(34): require_once('C:\\xampp\\htdocs...')
#7 {main}
CRITICAL - 2020-07-23 10:06:37 --> Invalid file: mhs/v_mhs.php
#0 C:\xampp\htdocs\crud-ci4\vendor\codeigniter4\framework\system\View\View.php(228): CodeIgniter\Exceptions\FrameworkException::forInvalidFile('mhs/v_mhs.php')
#1 C:\xampp\htdocs\crud-ci4\vendor\codeigniter4\framework\system\Common.php(1119): CodeIgniter\View\View->render('mhs/v_mhs', Array, true)
#2 C:\xampp\htdocs\crud-ci4\app\Controllers\Mahasiswa.php(19): view('mhs/v_mhs', Array)
#3 C:\xampp\htdocs\crud-ci4\vendor\codeigniter4\framework\system\CodeIgniter.php(918): App\Controllers\Mahasiswa->index()
#4 C:\xampp\htdocs\crud-ci4\vendor\codeigniter4\framework\system\CodeIgniter.php(404): CodeIgniter\CodeIgniter->runController(Object(App\Controllers\Mahasiswa))
#5 C:\xampp\htdocs\crud-ci4\vendor\codeigniter4\framework\system\CodeIgniter.php(312): CodeIgniter\CodeIgniter->handleRequest(NULL, Object(Config\Cache), false)
#6 C:\xampp\htdocs\crud-ci4\public\index.php(45): CodeIgniter\CodeIgniter->run()
#7 C:\xampp\htdocs\crud-ci4\vendor\codeigniter4\framework\system\Commands\Server\rewrite.php(34): require_once('C:\\xampp\\htdocs...')
#8 {main}
CRITICAL - 2020-07-23 10:06:41 --> Invalid file: mhs/v_mhs.php
#0 C:\xampp\htdocs\crud-ci4\vendor\codeigniter4\framework\system\View\View.php(228): CodeIgniter\Exceptions\FrameworkException::forInvalidFile('mhs/v_mhs.php')
#1 C:\xampp\htdocs\crud-ci4\vendor\codeigniter4\framework\system\Common.php(1119): CodeIgniter\View\View->render('mhs/v_mhs', Array, true)
#2 C:\xampp\htdocs\crud-ci4\app\Controllers\Mahasiswa.php(19): view('mhs/v_mhs', Array)
#3 C:\xampp\htdocs\crud-ci4\vendor\codeigniter4\framework\system\CodeIgniter.php(918): App\Controllers\Mahasiswa->index()
#4 C:\xampp\htdocs\crud-ci4\vendor\codeigniter4\framework\system\CodeIgniter.php(404): CodeIgniter\CodeIgniter->runController(Object(App\Controllers\Mahasiswa))
#5 C:\xampp\htdocs\crud-ci4\vendor\codeigniter4\framework\system\CodeIgniter.php(312): CodeIgniter\CodeIgniter->handleRequest(NULL, Object(Config\Cache), false)
#6 C:\xampp\htdocs\crud-ci4\public\index.php(45): CodeIgniter\CodeIgniter->run()
#7 C:\xampp\htdocs\crud-ci4\vendor\codeigniter4\framework\system\Commands\Server\rewrite.php(34): require_once('C:\\xampp\\htdocs...')
#8 {main}
CRITICAL - 2020-07-23 10:06:52 --> Invalid file: mhs/v_mhs.php
#0 C:\xampp\htdocs\crud-ci4\vendor\codeigniter4\framework\system\View\View.php(228): CodeIgniter\Exceptions\FrameworkException::forInvalidFile('mhs/v_mhs.php')
#1 C:\xampp\htdocs\crud-ci4\vendor\codeigniter4\framework\system\Common.php(1119): CodeIgniter\View\View->render('mhs/v_mhs', Array, true)
#2 C:\xampp\htdocs\crud-ci4\app\Controllers\Mahasiswa.php(19): view('mhs/v_mhs', Array)
#3 C:\xampp\htdocs\crud-ci4\vendor\codeigniter4\framework\system\CodeIgniter.php(918): App\Controllers\Mahasiswa->index()
#4 C:\xampp\htdocs\crud-ci4\vendor\codeigniter4\framework\system\CodeIgniter.php(404): CodeIgniter\CodeIgniter->runController(Object(App\Controllers\Mahasiswa))
#5 C:\xampp\htdocs\crud-ci4\vendor\codeigniter4\framework\system\CodeIgniter.php(312): CodeIgniter\CodeIgniter->handleRequest(NULL, Object(Config\Cache), false)
#6 C:\xampp\htdocs\crud-ci4\public\index.php(45): CodeIgniter\CodeIgniter->run()
#7 C:\xampp\htdocs\crud-ci4\vendor\codeigniter4\framework\system\Commands\Server\rewrite.php(34): require_once('C:\\xampp\\htdocs...')
#8 {main}
CRITICAL - 2020-07-23 10:08:24 --> unlink(img/mhs/1595514458_047c3b9bfdb64a5192e8.jpg): No such file or directory
#0 [internal function]: CodeIgniter\Debug\Exceptions->errorHandler(2, 'unlink(img/mhs/...', 'C:\\xampp\\htdocs...', 109, Array)
#1 C:\xampp\htdocs\crud-ci4\app\Controllers\Mahasiswa.php(109): unlink('img/mhs/1595514...')
#2 C:\xampp\htdocs\crud-ci4\vendor\codeigniter4\framework\system\CodeIgniter.php(918): App\Controllers\Mahasiswa->hapus('180121001')
#3 C:\xampp\htdocs\crud-ci4\vendor\codeigniter4\framework\system\CodeIgniter.php(404): CodeIgniter\CodeIgniter->runController(Object(App\Controllers\Mahasiswa))
#4 C:\xampp\htdocs\crud-ci4\vendor\codeigniter4\framework\system\CodeIgniter.php(312): CodeIgniter\CodeIgniter->handleRequest(NULL, Object(Config\Cache), false)
#5 C:\xampp\htdocs\crud-ci4\public\index.php(45): CodeIgniter\CodeIgniter->run()
#6 C:\xampp\htdocs\crud-ci4\vendor\codeigniter4\framework\system\Commands\Server\rewrite.php(34): require_once('C:\\xampp\\htdocs...')
#7 {main}
CRITICAL - 2020-07-23 10:09:40 --> finfo_file(): Empty filename or path
#0 [internal function]: CodeIgniter\Debug\Exceptions->errorHandler(2, 'finfo_file(): E...', 'C:\\xampp\\htdocs...', 153, Array)
#1 C:\xampp\htdocs\crud-ci4\vendor\codeigniter4\framework\system\Files\File.php(153): finfo_file(Resource id #135, '')
#2 C:\xampp\htdocs\crud-ci4\vendor\codeigniter4\framework\system\Validation\FileRules.php(251): CodeIgniter\Files\File->getMimeType()
#3 C:\xampp\htdocs\crud-ci4\vendor\codeigniter4\framework\system\Validation\Validation.php(325): CodeIgniter\Validation\FileRules->mime_in(NULL, Array, Array, NULL)
#4 C:\xampp\htdocs\crud-ci4\vendor\codeigniter4\framework\system\Validation\Validation.php(189): CodeIgniter\Validation\Validation->processRules('photo_mhs', 'photo_mhs', NULL, Array, Array)
#5 C:\xampp\htdocs\crud-ci4\vendor\codeigniter4\framework\system\Controller.php(219): CodeIgniter\Validation\Validation->run()
#6 C:\xampp\htdocs\crud-ci4\app\Controllers\Mahasiswa.php(153): CodeIgniter\Controller->validate(Array)
#7 C:\xampp\htdocs\crud-ci4\vendor\codeigniter4\framework\system\CodeIgniter.php(918): App\Controllers\Mahasiswa->prosesupdate('2147483647')
#8 C:\xampp\htdocs\crud-ci4\vendor\codeigniter4\framework\system\CodeIgniter.php(404): CodeIgniter\CodeIgniter->runController(Object(App\Controllers\Mahasiswa))
#9 C:\xampp\htdocs\crud-ci4\vendor\codeigniter4\framework\system\CodeIgniter.php(312): CodeIgniter\CodeIgniter->handleRequest(NULL, Object(Config\Cache), false)
#10 C:\xampp\htdocs\crud-ci4\public\index.php(45): CodeIgniter\CodeIgniter->run()
#11 C:\xampp\htdocs\crud-ci4\vendor\codeigniter4\framework\system\Commands\Server\rewrite.php(34): require_once('C:\\xampp\\htdocs...')
#12 {main}
CRITICAL - 2020-07-23 10:12:23 --> unlink(img/mhs/1595516962_52728a16875c5ec3336c.jpg): No such file or directory
#0 [internal function]: CodeIgniter\Debug\Exceptions->errorHandler(2, 'unlink(img/mhs/...', 'C:\\xampp\\htdocs...', 143, Array)
#1 C:\xampp\htdocs\crud-ci4\app\Controllers\Mahasiswa.php(143): unlink('img/mhs/1595516...')
#2 C:\xampp\htdocs\crud-ci4\vendor\codeigniter4\framework\system\CodeIgniter.php(918): App\Controllers\Mahasiswa->prosesupdate('2147483647')
#3 C:\xampp\htdocs\crud-ci4\vendor\codeigniter4\framework\system\CodeIgniter.php(404): CodeIgniter\CodeIgniter->runController(Object(App\Controllers\Mahasiswa))
#4 C:\xampp\htdocs\crud-ci4\vendor\codeigniter4\framework\system\CodeIgniter.php(312): CodeIgniter\CodeIgniter->handleRequest(NULL, Object(Config\Cache), false)
#5 C:\xampp\htdocs\crud-ci4\public\index.php(45): CodeIgniter\CodeIgniter->run()
#6 C:\xampp\htdocs\crud-ci4\vendor\codeigniter4\framework\system\Commands\Server\rewrite.php(34): require_once('C:\\xampp\\htdocs...')
#7 {main}
CRITICAL - 2020-07-23 10:13:41 --> unlink(img/mhs/1595516962_52728a16875c5ec3336c.jpg): No such file or directory
#0 [internal function]: CodeIgniter\Debug\Exceptions->errorHandler(2, 'unlink(img/mhs/...', 'C:\\xampp\\htdocs...', 109, Array)
#1 C:\xampp\htdocs\crud-ci4\app\Controllers\Mahasiswa.php(109): unlink('img/mhs/1595516...')
#2 C:\xampp\htdocs\crud-ci4\vendor\codeigniter4\framework\system\CodeIgniter.php(918): App\Controllers\Mahasiswa->hapus('2147483647')
#3 C:\xampp\htdocs\crud-ci4\vendor\codeigniter4\framework\system\CodeIgniter.php(404): CodeIgniter\CodeIgniter->runController(Object(App\Controllers\Mahasiswa))
#4 C:\xampp\htdocs\crud-ci4\vendor\codeigniter4\framework\system\CodeIgniter.php(312): CodeIgniter\CodeIgniter->handleRequest(NULL, Object(Config\Cache), false)
#5 C:\xampp\htdocs\crud-ci4\public\index.php(45): CodeIgniter\CodeIgniter->run()
#6 C:\xampp\htdocs\crud-ci4\vendor\codeigniter4\framework\system\Commands\Server\rewrite.php(34): require_once('C:\\xampp\\htdocs...')
#7 {main}
CRITICAL - 2020-07-23 10:19:06 --> unlink(img/mhs/1595516962_52728a16875c5ec3336c.jpg): No such file or directory
#0 [internal function]: CodeIgniter\Debug\Exceptions->errorHandler(2, 'unlink(img/mhs/...', 'C:\\xampp\\htdocs...', 109, Array)
#1 C:\xampp\htdocs\crud-ci4\app\Controllers\Mahasiswa.php(109): unlink('img/mhs/1595516...')
#2 C:\xampp\htdocs\crud-ci4\vendor\codeigniter4\framework\system\CodeIgniter.php(918): App\Controllers\Mahasiswa->hapus('2147483647')
#3 C:\xampp\htdocs\crud-ci4\vendor\codeigniter4\framework\system\CodeIgniter.php(404): CodeIgniter\CodeIgniter->runController(Object(App\Controllers\Mahasiswa))
#4 C:\xampp\htdocs\crud-ci4\vendor\codeigniter4\framework\system\CodeIgniter.php(312): CodeIgniter\CodeIgniter->handleRequest(NULL, Object(Config\Cache), false)
#5 C:\xampp\htdocs\crud-ci4\public\index.php(45): CodeIgniter\CodeIgniter->run()
#6 C:\xampp\htdocs\crud-ci4\vendor\codeigniter4\framework\system\Commands\Server\rewrite.php(34): require_once('C:\\xampp\\htdocs...')
#7 {main}
CRITICAL - 2020-07-23 10:23:40 --> Call to undefined method App\Models\DosenModel::countAllResult
#0 C:\xampp\htdocs\crud-ci4\app\Controllers\Home.php(14): CodeIgniter\Model->__call('countAllResult', Array)
#1 C:\xampp\htdocs\crud-ci4\vendor\codeigniter4\framework\system\CodeIgniter.php(918): App\Controllers\Home->index()
#2 C:\xampp\htdocs\crud-ci4\vendor\codeigniter4\framework\system\CodeIgniter.php(404): CodeIgniter\CodeIgniter->runController(Object(App\Controllers\Home))
#3 C:\xampp\htdocs\crud-ci4\vendor\codeigniter4\framework\system\CodeIgniter.php(312): CodeIgniter\CodeIgniter->handleRequest(NULL, Object(Config\Cache), false)
#4 C:\xampp\htdocs\crud-ci4\public\index.php(45): CodeIgniter\CodeIgniter->run()
#5 C:\xampp\htdocs\crud-ci4\vendor\codeigniter4\framework\system\Commands\Server\rewrite.php(34): require_once('C:\\xampp\\htdocs...')
#6 {main}
CRITICAL - 2020-07-23 10:34:36 --> Unable to connect to the database.
#0 C:\xampp\htdocs\crud-ci4\vendor\codeigniter4\framework\system\Database\Database.php(109): CodeIgniter\Database\BaseConnection->initialize()
#1 C:\xampp\htdocs\crud-ci4\vendor\codeigniter4\framework\system\Database\Config.php(148): CodeIgniter\Database\Database->loadForge(Object(CodeIgniter\Database\SQLite3\Connection))
#2 C:\xampp\htdocs\crud-ci4\vendor\codeigniter4\framework\system\Database\Migration.php(78): CodeIgniter\Database\Config::forge('tests')
#3 C:\xampp\htdocs\crud-ci4\vendor\codeigniter4\framework\system\Database\MigrationRunner.php(1026): CodeIgniter\Database\Migration->__construct()
#4 C:\xampp\htdocs\crud-ci4\vendor\codeigniter4\framework\system\Database\MigrationRunner.php(223): CodeIgniter\Database\MigrationRunner->migrate('up', Object(stdClass))
#5 C:\xampp\htdocs\crud-ci4\vendor\codeigniter4\framework\system\Commands\Database\Migrate.php(128): CodeIgniter\Database\MigrationRunner->latest(NULL)
#6 C:\xampp\htdocs\crud-ci4\vendor\codeigniter4\framework\system\CLI\Commands.php(100): CodeIgniter\Commands\Database\Migrate->run(Array)
#7 C:\xampp\htdocs\crud-ci4\vendor\codeigniter4\framework\system\CLI\CommandRunner.php(107): CodeIgniter\CLI\Commands->run('migrate', Array)
#8 C:\xampp\htdocs\crud-ci4\vendor\codeigniter4\framework\system\CLI\CommandRunner.php(85): CodeIgniter\CLI\CommandRunner->index(Array)
#9 C:\xampp\htdocs\crud-ci4\vendor\codeigniter4\framework\system\CodeIgniter.php(914): CodeIgniter\CLI\CommandRunner->_remap('index', 'migrate')
#10 C:\xampp\htdocs\crud-ci4\vendor\codeigniter4\framework\system\CodeIgniter.php(404): CodeIgniter\CodeIgniter->runController(Object(CodeIgniter\CLI\CommandRunner))
#11 C:\xampp\htdocs\crud-ci4\vendor\codeigniter4\framework\system\CodeIgniter.php(312): CodeIgniter\CodeIgniter->handleRequest(NULL, Object(Config\Cache), false)
#12 C:\xampp\htdocs\crud-ci4\vendor\codeigniter4\framework\system\CLI\Console.php(86): CodeIgniter\CodeIgniter->run()
#13 C:\xampp\htdocs\crud-ci4\spark(57): CodeIgniter\CLI\Console->run()
#14 {main}
