CRITICAL - 2020-07-19 23:08:41 --> Undefined constant 'App\Controllers'
#0 C:\xampp\htdocs\crud-ci4\vendor\codeigniter4\framework\system\Router\Router.php(583): include_once()
#1 C:\xampp\htdocs\crud-ci4\vendor\codeigniter4\framework\system\Router\Router.php(195): CodeIgniter\Router\Router->autoRoute('auth')
#2 C:\xampp\htdocs\crud-ci4\vendor\codeigniter4\framework\system\CodeIgniter.php(793): CodeIgniter\Router\Router->handle('auth')
#3 C:\xampp\htdocs\crud-ci4\vendor\codeigniter4\framework\system\CodeIgniter.php(364): CodeIgniter\CodeIgniter->tryToRouteIt(Object(CodeIgniter\Router\RouteCollection))
#4 C:\xampp\htdocs\crud-ci4\vendor\codeigniter4\framework\system\CodeIgniter.php(312): CodeIgniter\CodeIgniter->handleRequest(NULL, Object(Config\Cache), false)
#5 C:\xampp\htdocs\crud-ci4\public\index.php(45): CodeIgniter\CodeIgniter->run()
#6 C:\xampp\htdocs\crud-ci4\vendor\codeigniter4\framework\system\Commands\Server\rewrite.php(34): require_once('C:\\xampp\\htdocs...')
#7 {main}
CRITICAL - 2020-07-19 23:09:20 --> Call to undefined function extend()
#0 C:\xampp\htdocs\crud-ci4\vendor\codeigniter4\framework\system\View\View.php(246): include()
#1 C:\xampp\htdocs\crud-ci4\vendor\codeigniter4\framework\system\Common.php(1119): CodeIgniter\View\View->render('auth/index', Array, true)
#2 C:\xampp\htdocs\crud-ci4\app\Controllers\Auth.php(8): view('auth/index', Array)
#3 C:\xampp\htdocs\crud-ci4\vendor\codeigniter4\framework\system\CodeIgniter.php(918): App\Controllers\Auth->index()
#4 C:\xampp\htdocs\crud-ci4\vendor\codeigniter4\framework\system\CodeIgniter.php(404): CodeIgniter\CodeIgniter->runController(Object(App\Controllers\Auth))
#5 C:\xampp\htdocs\crud-ci4\vendor\codeigniter4\framework\system\CodeIgniter.php(312): CodeIgniter\CodeIgniter->handleRequest(NULL, Object(Config\Cache), false)
#6 C:\xampp\htdocs\crud-ci4\public\index.php(45): CodeIgniter\CodeIgniter->run()
#7 C:\xampp\htdocs\crud-ci4\vendor\codeigniter4\framework\system\Commands\Server\rewrite.php(34): require_once('C:\\xampp\\htdocs...')
#8 {main}
CRITICAL - 2020-07-19 23:10:01 --> Call to undefined function extend()
#0 C:\xampp\htdocs\crud-ci4\vendor\codeigniter4\framework\system\View\View.php(246): include()
#1 C:\xampp\htdocs\crud-ci4\vendor\codeigniter4\framework\system\Common.php(1119): CodeIgniter\View\View->render('auth/index', Array, true)
#2 C:\xampp\htdocs\crud-ci4\app\Controllers\Auth.php(8): view('auth/index', Array)
#3 C:\xampp\htdocs\crud-ci4\vendor\codeigniter4\framework\system\CodeIgniter.php(918): App\Controllers\Auth->index()
#4 C:\xampp\htdocs\crud-ci4\vendor\codeigniter4\framework\system\CodeIgniter.php(404): CodeIgniter\CodeIgniter->runController(Object(App\Controllers\Auth))
#5 C:\xampp\htdocs\crud-ci4\vendor\codeigniter4\framework\system\CodeIgniter.php(312): CodeIgniter\CodeIgniter->handleRequest(NULL, Object(Config\Cache), false)
#6 C:\xampp\htdocs\crud-ci4\public\index.php(45): CodeIgniter\CodeIgniter->run()
#7 C:\xampp\htdocs\crud-ci4\vendor\codeigniter4\framework\system\Commands\Server\rewrite.php(34): require_once('C:\\xampp\\htdocs...')
#8 {main}
CRITICAL - 2020-07-19 23:10:14 --> Call to undefined function extend()
#0 C:\xampp\htdocs\crud-ci4\vendor\codeigniter4\framework\system\View\View.php(246): include()
#1 C:\xampp\htdocs\crud-ci4\vendor\codeigniter4\framework\system\Common.php(1119): CodeIgniter\View\View->render('auth/index', Array, true)
#2 C:\xampp\htdocs\crud-ci4\app\Controllers\Auth.php(8): view('auth/index', Array)
#3 C:\xampp\htdocs\crud-ci4\vendor\codeigniter4\framework\system\CodeIgniter.php(918): App\Controllers\Auth->index()
#4 C:\xampp\htdocs\crud-ci4\vendor\codeigniter4\framework\system\CodeIgniter.php(404): CodeIgniter\CodeIgniter->runController(Object(App\Controllers\Auth))
#5 C:\xampp\htdocs\crud-ci4\vendor\codeigniter4\framework\system\CodeIgniter.php(312): CodeIgniter\CodeIgniter->handleRequest(NULL, Object(Config\Cache), false)
#6 C:\xampp\htdocs\crud-ci4\public\index.php(45): CodeIgniter\CodeIgniter->run()
#7 C:\xampp\htdocs\crud-ci4\vendor\codeigniter4\framework\system\Commands\Server\rewrite.php(34): require_once('C:\\xampp\\htdocs...')
#8 {main}
CRITICAL - 2020-07-19 23:11:02 --> Call to undefined function extend()
#0 C:\xampp\htdocs\crud-ci4\vendor\codeigniter4\framework\system\View\View.php(246): include()
#1 C:\xampp\htdocs\crud-ci4\vendor\codeigniter4\framework\system\Common.php(1119): CodeIgniter\View\View->render('auth/index', Array, true)
#2 C:\xampp\htdocs\crud-ci4\app\Controllers\Auth.php(8): view('auth/index', Array)
#3 C:\xampp\htdocs\crud-ci4\vendor\codeigniter4\framework\system\CodeIgniter.php(918): App\Controllers\Auth->index()
#4 C:\xampp\htdocs\crud-ci4\vendor\codeigniter4\framework\system\CodeIgniter.php(404): CodeIgniter\CodeIgniter->runController(Object(App\Controllers\Auth))
#5 C:\xampp\htdocs\crud-ci4\vendor\codeigniter4\framework\system\CodeIgniter.php(312): CodeIgniter\CodeIgniter->handleRequest(NULL, Object(Config\Cache), false)
#6 C:\xampp\htdocs\crud-ci4\public\index.php(45): CodeIgniter\CodeIgniter->run()
#7 C:\xampp\htdocs\crud-ci4\vendor\codeigniter4\framework\system\Commands\Server\rewrite.php(34): require_once('C:\\xampp\\htdocs...')
#8 {main}
CRITICAL - 2020-07-19 23:32:29 --> Unable to connect to the database.
#0 C:\xampp\htdocs\crud-ci4\vendor\codeigniter4\framework\system\Database\Database.php(109): CodeIgniter\Database\BaseConnection->initialize()
#1 C:\xampp\htdocs\crud-ci4\vendor\codeigniter4\framework\system\Database\Config.php(148): CodeIgniter\Database\Database->loadForge(Object(CodeIgniter\Database\SQLite3\Connection))
#2 C:\xampp\htdocs\crud-ci4\vendor\codeigniter4\framework\system\Database\Migration.php(78): CodeIgniter\Database\Config::forge('tests')
#3 C:\xampp\htdocs\crud-ci4\vendor\codeigniter4\framework\system\Database\MigrationRunner.php(1026): CodeIgniter\Database\Migration->__construct()
#4 C:\xampp\htdocs\crud-ci4\vendor\codeigniter4\framework\system\Database\MigrationRunner.php(223): CodeIgniter\Database\MigrationRunner->migrate('up', Object(stdClass))
#5 C:\xampp\htdocs\crud-ci4\vendor\codeigniter4\framework\system\Commands\Database\Migrate.php(128): CodeIgniter\Database\MigrationRunner->latest(NULL)
#6 C:\xampp\htdocs\crud-ci4\vendor\codeigniter4\framework\system\CLI\Commands.php(100): CodeIgniter\Commands\Database\Migrate->run(Array)
#7 C:\xampp\htdocs\crud-ci4\vendor\codeigniter4\framework\system\CLI\BaseCommand.php(155): CodeIgniter\CLI\Commands->run('migrate', Array)
#8 C:\xampp\htdocs\crud-ci4\vendor\codeigniter4\framework\system\Commands\Database\MigrateRefresh.php(124): CodeIgniter\CLI\BaseCommand->call('migrate')
#9 C:\xampp\htdocs\crud-ci4\vendor\codeigniter4\framework\system\CLI\Commands.php(100): CodeIgniter\Commands\Database\MigrateRefresh->run(Array)
#10 C:\xampp\htdocs\crud-ci4\vendor\codeigniter4\framework\system\CLI\CommandRunner.php(107): CodeIgniter\CLI\Commands->run('migrate:refresh', Array)
#11 C:\xampp\htdocs\crud-ci4\vendor\codeigniter4\framework\system\CLI\CommandRunner.php(85): CodeIgniter\CLI\CommandRunner->index(Array)
#12 C:\xampp\htdocs\crud-ci4\vendor\codeigniter4\framework\system\CodeIgniter.php(914): CodeIgniter\CLI\CommandRunner->_remap('index', 'migrate:refresh')
#13 C:\xampp\htdocs\crud-ci4\vendor\codeigniter4\framework\system\CodeIgniter.php(404): CodeIgniter\CodeIgniter->runController(Object(CodeIgniter\CLI\CommandRunner))
#14 C:\xampp\htdocs\crud-ci4\vendor\codeigniter4\framework\system\CodeIgniter.php(312): CodeIgniter\CodeIgniter->handleRequest(NULL, Object(Config\Cache), false)
#15 C:\xampp\htdocs\crud-ci4\vendor\codeigniter4\framework\system\CLI\Console.php(86): CodeIgniter\CodeIgniter->run()
#16 C:\xampp\htdocs\crud-ci4\spark(57): CodeIgniter\CLI\Console->run()
#17 {main}
CRITICAL - 2020-07-19 23:34:52 --> Unable to connect to the database.
#0 C:\xampp\htdocs\crud-ci4\vendor\codeigniter4\framework\system\Database\Database.php(109): CodeIgniter\Database\BaseConnection->initialize()
#1 C:\xampp\htdocs\crud-ci4\vendor\codeigniter4\framework\system\Database\Config.php(148): CodeIgniter\Database\Database->loadForge(Object(CodeIgniter\Database\SQLite3\Connection))
#2 C:\xampp\htdocs\crud-ci4\vendor\codeigniter4\framework\system\Database\Migration.php(78): CodeIgniter\Database\Config::forge('tests')
#3 C:\xampp\htdocs\crud-ci4\vendor\codeigniter4\framework\system\Database\MigrationRunner.php(1026): CodeIgniter\Database\Migration->__construct()
#4 C:\xampp\htdocs\crud-ci4\vendor\codeigniter4\framework\system\Database\MigrationRunner.php(223): CodeIgniter\Database\MigrationRunner->migrate('up', Object(stdClass))
#5 C:\xampp\htdocs\crud-ci4\vendor\codeigniter4\framework\system\Commands\Database\Migrate.php(128): CodeIgniter\Database\MigrationRunner->latest(NULL)
#6 C:\xampp\htdocs\crud-ci4\vendor\codeigniter4\framework\system\CLI\Commands.php(100): CodeIgniter\Commands\Database\Migrate->run(Array)
#7 C:\xampp\htdocs\crud-ci4\vendor\codeigniter4\framework\system\CLI\CommandRunner.php(107): CodeIgniter\CLI\Commands->run('migrate', Array)
#8 C:\xampp\htdocs\crud-ci4\vendor\codeigniter4\framework\system\CLI\CommandRunner.php(85): CodeIgniter\CLI\CommandRunner->index(Array)
#9 C:\xampp\htdocs\crud-ci4\vendor\codeigniter4\framework\system\CodeIgniter.php(914): CodeIgniter\CLI\CommandRunner->_remap('index', 'migrate')
#10 C:\xampp\htdocs\crud-ci4\vendor\codeigniter4\framework\system\CodeIgniter.php(404): CodeIgniter\CodeIgniter->runController(Object(CodeIgniter\CLI\CommandRunner))
#11 C:\xampp\htdocs\crud-ci4\vendor\codeigniter4\framework\system\CodeIgniter.php(312): CodeIgniter\CodeIgniter->handleRequest(NULL, Object(Config\Cache), false)
#12 C:\xampp\htdocs\crud-ci4\vendor\codeigniter4\framework\system\CLI\Console.php(86): CodeIgniter\CodeIgniter->run()
#13 C:\xampp\htdocs\crud-ci4\spark(57): CodeIgniter\CLI\Console->run()
#14 {main}
